21:04:36: Creating resource group General
21:04:36: Creating resource group OgreInternal
21:04:36: Creating resource group OgreAutodetect
21:04:36: SceneManagerFactory for type 'DefaultSceneManager' registered.
21:04:36: Registering ResourceManager for type Material
21:04:36: Registering ResourceManager for type Mesh
21:04:36: Registering ResourceManager for type Skeleton
21:04:36: MovableObjectFactory for type 'ParticleSystem' registered.
21:04:36: ArchiveFactory for type 'FileSystem' registered
21:04:36: ArchiveFactory for type 'Zip' registered
21:04:36: ArchiveFactory for type 'EmbeddedZip' registered
21:04:36: DDS codec registering
21:04:36: ETC codec registering
21:04:36: ASTC codec registering
21:04:36: Registering ResourceManager for type HighLevelGpuProgram
21:04:36: Registering ResourceManager for type Compositor
21:04:36: MovableObjectFactory for type 'Entity' registered.
21:04:36: MovableObjectFactory for type 'Light' registered.
21:04:36: MovableObjectFactory for type 'BillboardSet' registered.
21:04:36: MovableObjectFactory for type 'ManualObject' registered.
21:04:36: MovableObjectFactory for type 'BillboardChain' registered.
21:04:36: MovableObjectFactory for type 'RibbonTrail' registered.
21:04:36: MovableObjectFactory for type 'StaticGeometry' registered.
21:04:36: *-*-* OGRE Initialising
21:04:36: *-*-* Version 1.12.13 (Rhagorthua)
21:04:36: Installing plugin: GL RenderSystem
21:04:36: OpenGL Rendering Subsystem created.
21:04:36: Plugin successfully installed
21:04:36: Installing plugin: ParticleFX
21:04:36: Particle Emitter Type 'Point' registered
21:04:36: Particle Emitter Type 'Box' registered
21:04:36: Particle Emitter Type 'Ellipsoid' registered
21:04:36: Particle Emitter Type 'Cylinder' registered
21:04:36: Particle Emitter Type 'Ring' registered
21:04:36: Particle Emitter Type 'HollowEllipsoid' registered
21:04:36: Particle Affector Type 'LinearForce' registered
21:04:36: Particle Affector Type 'ColourFader' registered
21:04:36: Particle Affector Type 'ColourFader2' registered
21:04:36: Particle Affector Type 'ColourImage' registered
21:04:36: Particle Affector Type 'ColourInterpolator' registered
21:04:36: Particle Affector Type 'Scaler' registered
21:04:36: Particle Affector Type 'Rotator' registered
21:04:36: Particle Affector Type 'DirectionRandomiser' registered
21:04:36: Particle Affector Type 'DeflectorPlane' registered
21:04:36: Particle Affector Type 'TextureAnimator' registered
21:04:36: Plugin successfully installed
21:04:36: Installing plugin: STB Image Codec
21:04:36: stb_image - v2.23 - public domain image loader
21:04:36: Supported formats: jpeg,jpg,png,bmp,psd,tga,gif,pic,ppm,pgm,hdr
21:04:36: Plugin successfully installed
21:04:36: Installing plugin: Octree Scene Manager
21:04:36: Plugin successfully installed
21:04:36: Installing plugin: BSP Scene Manager
21:04:36: Plugin successfully installed
21:04:36: Creating resource group BSPWorld
21:04:36: Added resource location '/media/djoker/code/linux/cpp/ogre/ogre-1.12.13/Samples/Media/packs/oa_rpg3dm2.pk3' of type 'Zip' to resource group 'BSPWorld'
21:04:36: Creating resource group Essential
21:04:36: Added resource location '/media/djoker/code/linux/cpp/ogre/ogre-1.12.13/Samples/Media/thumbnails' of type 'FileSystem' to resource group 'Essential'
21:04:36: Added resource location '/media/djoker/code/linux/cpp/ogre/ogre-1.12.13/Media/packs/SdkTrays.zip' of type 'Zip' to resource group 'Essential'
21:04:36: Added resource location '/media/djoker/code/linux/cpp/ogre/ogre-1.12.13/Media/packs/profiler.zip' of type 'Zip' to resource group 'Essential'
21:04:36: Added resource location '/media/djoker/code/linux/cpp/ogre/ogre-1.12.13/Samples/Media' of type 'FileSystem' to resource group 'General'
21:04:36: Added resource location '/media/djoker/code/linux/cpp/ogre/ogre-1.12.13/Samples/Media/PBR' of type 'FileSystem' to resource group 'General'
21:04:36: Added resource location '/media/djoker/code/linux/cpp/ogre/ogre-1.12.13/Samples/Media/PBR/filament' of type 'FileSystem' to resource group 'General'
21:04:36: Added resource location '/media/djoker/code/linux/cpp/ogre/ogre-1.12.13/Samples/Media/materials/textures/PBR' of type 'FileSystem' to resource group 'General'
21:04:36: Added resource location '/media/djoker/code/linux/cpp/ogre/ogre-1.12.13/Samples/Media/materials/programs' of type 'FileSystem' to resource group 'General'
21:04:36: Added resource location '/media/djoker/code/linux/cpp/ogre/ogre-1.12.13/Samples/Media/materials/scripts' of type 'FileSystem' to resource group 'General'
21:04:36: Added resource location '/media/djoker/code/linux/cpp/ogre/ogre-1.12.13/Samples/Media/materials/textures' of type 'FileSystem' to resource group 'General'
21:04:36: Added resource location '/media/djoker/code/linux/cpp/ogre/ogre-1.12.13/Samples/Media/materials/textures/terrain' of type 'FileSystem' to resource group 'General'
21:04:36: Added resource location '/media/djoker/code/linux/cpp/ogre/ogre-1.12.13/Samples/Media/models' of type 'FileSystem' to resource group 'General'
21:04:36: Added resource location '/media/djoker/code/linux/cpp/ogre/ogre-1.12.13/Samples/Media/particle' of type 'FileSystem' to resource group 'General'
21:04:36: Added resource location '/media/djoker/code/linux/cpp/ogre/ogre-1.12.13/Samples/Media/DeferredShadingMedia' of type 'FileSystem' to resource group 'General'
21:04:36: Added resource location '/media/djoker/code/linux/cpp/ogre/ogre-1.12.13/Samples/Media/DeferredShadingMedia/DeferredShading/post' of type 'FileSystem' to resource group 'General'
21:04:36: Added resource location '/media/djoker/code/linux/cpp/ogre/ogre-1.12.13/Samples/Media/PCZAppMedia' of type 'FileSystem' to resource group 'General'
21:04:36: Added resource location '/media/djoker/code/linux/cpp/ogre/ogre-1.12.13/Samples/Media/materials/scripts/SSAO' of type 'FileSystem' to resource group 'General'
21:04:36: Added resource location '/media/djoker/code/linux/cpp/ogre/ogre-1.12.13/Samples/Media/materials/textures/SSAO' of type 'FileSystem' to resource group 'General'
21:04:36: Added resource location '/media/djoker/code/linux/cpp/ogre/ogre-1.12.13/Samples/Media/volumeTerrain' of type 'FileSystem' to resource group 'General'
21:04:36: Added resource location '/media/djoker/code/linux/cpp/ogre/ogre-1.12.13/Samples/Media/CSMShadows' of type 'FileSystem' to resource group 'General'
21:04:36: Added resource location '/media/djoker/code/linux/cpp/ogre/ogre-1.12.13/Media/HLMS' of type 'FileSystem' to resource group 'General'
21:04:36: Added resource location '/media/djoker/code/linux/cpp/ogre/ogre-1.12.13/Samples/Media/packs/cubemap.zip' of type 'Zip' to resource group 'General'
21:04:36: Added resource location '/media/djoker/code/linux/cpp/ogre/ogre-1.12.13/Samples/Media/packs/cubemapsJS.zip' of type 'Zip' to resource group 'General'
21:04:36: Added resource location '/media/djoker/code/linux/cpp/ogre/ogre-1.12.13/Samples/Media/packs/dragon.zip' of type 'Zip' to resource group 'General'
21:04:36: Added resource location '/media/djoker/code/linux/cpp/ogre/ogre-1.12.13/Samples/Media/packs/fresneldemo.zip' of type 'Zip' to resource group 'General'
21:04:36: Added resource location '/media/djoker/code/linux/cpp/ogre/ogre-1.12.13/Samples/Media/packs/ogretestmap.zip' of type 'Zip' to resource group 'General'
21:04:36: Added resource location '/media/djoker/code/linux/cpp/ogre/ogre-1.12.13/Samples/Media/packs/ogredance.zip' of type 'Zip' to resource group 'General'
21:04:36: Added resource location '/media/djoker/code/linux/cpp/ogre/ogre-1.12.13/Samples/Media/packs/Sinbad.zip' of type 'Zip' to resource group 'General'
21:04:36: Added resource location '/media/djoker/code/linux/cpp/ogre/ogre-1.12.13/Samples/Media/packs/skybox.zip' of type 'Zip' to resource group 'General'
21:04:36: Added resource location '/media/djoker/code/linux/cpp/ogre/ogre-1.12.13/Samples/Media/volumeTerrain/volumeTerrainBig.zip' of type 'Zip' to resource group 'General'
21:04:36: Added resource location '/media/djoker/code/linux/cpp/ogre/ogre-1.12.13/Samples/Media/packs/DamagedHelmet.zip' of type 'Zip' to resource group 'General'
21:04:36: Added resource location '/media/djoker/code/linux/cpp/ogre/ogre-1.12.13/Samples/Media/packs/filament_shaders.zip' of type 'Zip' to resource group 'General'
21:04:36: Added resource location '/media/djoker/code/linux/cpp/ogre/ogre-1.12.13/Media/ShadowVolume' of type 'FileSystem' to resource group 'OgreInternal'
21:04:36: Added resource location '/media/djoker/code/linux/cpp/ogre/ogre-1.12.13/Media/RTShaderLib/materials' of type 'FileSystem' to resource group 'OgreInternal'
21:04:36: Added resource location '/media/djoker/code/linux/cpp/ogre/ogre-1.12.13/Media/RTShaderLib/GLSL' of type 'FileSystem' to resource group 'OgreInternal'
21:04:36: Added resource location '/media/djoker/code/linux/cpp/ogre/ogre-1.12.13/Media/RTShaderLib/HLSL_Cg' of type 'FileSystem' to resource group 'OgreInternal'
21:04:36: Added resource location '/media/djoker/code/linux/cpp/ogre/ogre-1.12.13/Media/Terrain/' of type 'FileSystem' to resource group 'OgreInternal'
21:04:36: Creating resource group Tests
21:04:36: Added resource location '/media/djoker/code/linux/cpp/ogre/ogre-1.12.13/Tests/Media' of type 'FileSystem' to resource group 'Tests'
21:04:36: *** Create SDL  Window***
21:04:36: CPU Identifier & Features
21:04:36: -------------------------
21:04:36:  *   CPU ID: GenuineIntel: Intel(R) Core(TM) i7-6700 CPU @ 3.40GHz
21:04:36:  *          SSE: yes
21:04:36:  *         SSE2: yes
21:04:36:  *         SSE3: yes
21:04:36:  *        SSE41: yes
21:04:36:  *        SSE42: yes
21:04:36:  *          MMX: yes
21:04:36:  *       MMXEXT: yes
21:04:36:  *        3DNOW: no
21:04:36:  *     3DNOWEXT: no
21:04:36:  *         CMOV: yes
21:04:36:  *          TSC: yes
21:04:36:  *INVARIANT TSC: yes
21:04:36:  *          FPU: yes
21:04:36:  *          PRO: yes
21:04:36:  *           HT: no
21:04:36: -------------------------
21:04:36: ******************************
*** Starting GLX Subsystem ***
******************************
21:04:36: GLX_VERSION = 1.4
21:04:36: GLX_EXTENSIONS = GLX_ARB_context_flush_control GLX_ARB_create_context GLX_ARB_create_context_no_error GLX_ARB_create_context_profile GLX_ARB_create_context_robustness GLX_ARB_fbconfig_float GLX_ARB_framebuffer_sRGB GLX_ARB_get_proc_address GLX_ARB_multisample GLX_EXT_buffer_age GLX_EXT_create_context_es2_profile GLX_EXT_create_context_es_profile GLX_EXT_fbconfig_packed_float GLX_EXT_framebuffer_sRGB GLX_EXT_import_context GLX_EXT_swap_control GLX_EXT_swap_control_tear GLX_EXT_texture_from_pixmap GLX_EXT_visual_info GLX_EXT_visual_rating GLX_INTEL_swap_event GLX_MESA_copy_sub_buffer GLX_MESA_multithread_makecurrent GLX_MESA_query_renderer GLX_MESA_swap_control GLX_OML_swap_method GLX_OML_sync_control GLX_SGIS_multisample GLX_SGIX_fbconfig GLX_SGIX_pbuffer GLX_SGIX_visual_select_group GLX_SGI_make_current_read GLX_SGI_swap_control GLX_SGI_video_sync 
21:04:36: Registering ResourceManager for type Texture
21:04:36: RenderSystem::_createRenderWindow "Ogre3D", 1020x780 windowed  miscParams: externalWindowHandle=85983246 sdlwin=93912762716016 
21:04:36: GLXWindow::create: The externalWindowHandle parameter is deprecated.
Use the parentWindowHandle or currentGLContext parameter instead.
21:04:36: GLXWindow::create colourBufferSize=32 gamma=0 FSAA=0
21:04:36: GLXWindow::create used FBConfigID = 656
21:04:36: GL_VERSION = 4.3.0.0
21:04:36: GL_VENDOR = nouveau
21:04:36: GL_RENDERER = NV137
21:04:36: GL_EXTENSIONS = GL_ARB_multisample GL_EXT_abgr GL_EXT_bgra GL_EXT_blend_color GL_EXT_blend_minmax GL_EXT_blend_subtract GL_EXT_copy_texture GL_EXT_subtexture GL_EXT_texture_object GL_EXT_vertex_array GL_EXT_compiled_vertex_array GL_EXT_texture GL_EXT_texture3D GL_IBM_rasterpos_clip GL_ARB_point_parameters GL_EXT_draw_range_elements GL_EXT_packed_pixels GL_EXT_point_parameters GL_EXT_rescale_normal GL_EXT_separate_specular_color GL_EXT_texture_edge_clamp GL_SGIS_generate_mipmap GL_SGIS_texture_border_clamp GL_SGIS_texture_edge_clamp GL_SGIS_texture_lod GL_ARB_framebuffer_sRGB GL_ARB_multitexture GL_EXT_framebuffer_sRGB GL_IBM_multimode_draw_arrays GL_IBM_texture_mirrored_repeat GL_ARB_texture_cube_map GL_ARB_texture_env_add GL_ARB_transpose_matrix GL_EXT_blend_func_separate GL_EXT_fog_coord GL_EXT_multi_draw_arrays GL_EXT_secondary_color GL_EXT_texture_env_add GL_EXT_texture_filter_anisotropic GL_EXT_texture_lod_bias GL_INGR_blend_func_separate GL_NV_blend_square GL_NV_light_max_exponent GL_NV_texgen_reflection GL_NV_texture_env_combine4 GL_S3_s3tc GL_SUN_multi_draw_arrays GL_ARB_texture_border_clamp GL_ARB_texture_compression GL_EXT_framebuffer_object GL_EXT_texture_compression_s3tc GL_EXT_texture_env_combine GL_EXT_texture_env_dot3 GL_MESA_window_pos GL_NV_packed_depth_stencil GL_NV_texture_rectangle GL_ARB_depth_texture GL_ARB_occlusion_query GL_ARB_shadow GL_ARB_texture_env_combine GL_ARB_texture_env_crossbar GL_ARB_texture_env_dot3 GL_ARB_texture_mirrored_repeat GL_ARB_window_pos GL_ATI_fragment_shader GL_EXT_stencil_two_side GL_EXT_texture_cube_map GL_NV_depth_clamp GL_NV_fog_distance GL_NV_half_float GL_APPLE_packed_pixels GL_ARB_draw_buffers GL_ARB_fragment_program GL_ARB_fragment_shader GL_ARB_shader_objects GL_ARB_vertex_program GL_ARB_vertex_shader GL_ATI_draw_buffers GL_ATI_texture_env_combine3 GL_ATI_texture_float GL_EXT_depth_bounds_test GL_EXT_shadow_funcs GL_EXT_stencil_wrap GL_MESA_pack_invert GL_NV_primitive_restart GL_ARB_depth_clamp GL_ARB_fragment_program_shadow GL_ARB_half_float_pixel GL_ARB_occlusion_query2 GL_ARB_point_sprite GL_ARB_shading_language_100 GL_ARB_sync GL_ARB_texture_non_power_of_two GL_ARB_vertex_buffer_object GL_ATI_blend_equation_separate GL_EXT_blend_equation_separate GL_OES_read_format GL_ARB_color_buffer_float GL_ARB_pixel_buffer_object GL_ARB_texture_compression_rgtc GL_ARB_texture_float GL_ARB_texture_rectangle GL_ATI_texture_compression_3dc GL_EXT_packed_float GL_EXT_pixel_buffer_object GL_EXT_texture_compression_dxt1 GL_EXT_texture_compression_rgtc GL_EXT_texture_mirror_clamp GL_EXT_texture_rectangle GL_EXT_texture_sRGB GL_EXT_texture_shared_exponent GL_ARB_framebuffer_object GL_EXT_framebuffer_blit GL_EXT_framebuffer_multisample GL_EXT_packed_depth_stencil GL_ARB_vertex_array_object GL_ATI_separate_stencil GL_ATI_texture_mirror_once GL_EXT_draw_buffers2 GL_EXT_draw_instanced GL_EXT_gpu_program_parameters GL_EXT_gpu_shader4 GL_EXT_texture_array GL_EXT_texture_compression_latc GL_EXT_texture_integer GL_EXT_texture_sRGB_decode GL_EXT_timer_query GL_OES_EGL_image GL_EXT_texture_buffer_object GL_AMD_texture_texture4 GL_ARB_copy_buffer GL_ARB_depth_buffer_float GL_ARB_draw_instanced GL_ARB_half_float_vertex GL_ARB_instanced_arrays GL_ARB_map_buffer_range GL_ARB_texture_buffer_object GL_ARB_texture_rg GL_ARB_texture_swizzle GL_ARB_vertex_array_bgra GL_EXT_texture_swizzle GL_EXT_vertex_array_bgra GL_NV_conditional_render GL_AMD_conservative_depth GL_AMD_draw_buffers_blend GL_AMD_seamless_cubemap_per_texture GL_ARB_ES2_compatibility GL_ARB_blend_func_extended GL_ARB_compatibility GL_ARB_debug_output GL_ARB_draw_buffers_blend GL_ARB_draw_elements_base_vertex GL_ARB_explicit_attrib_location GL_ARB_fragment_coord_conventions GL_ARB_provoking_vertex GL_ARB_sample_shading GL_ARB_sampler_objects GL_ARB_seamless_cube_map GL_ARB_shader_texture_lod GL_ARB_tessellation_shader GL_ARB_texture_buffer_object_rgb32 GL_ARB_texture_cube_map_array GL_ARB_texture_gather GL_ARB_texture_multisample GL_ARB_texture_query_lod GL_ARB_texture_rgb10_a2ui GL_ARB_uniform_buffer_object GL_ARB_vertex_type_2_10_10_10_rev GL_EXT_provoking_vertex GL_EXT_texture_snorm GL_MESA_texture_signed_rgba GL_NV_copy_image GL_NV_texture_barrier GL_ARB_draw_indirect GL_ARB_get_program_binary GL_ARB_gpu_shader5 GL_ARB_gpu_shader_fp64 GL_ARB_robustness GL_ARB_separate_shader_objects GL_ARB_shader_bit_encoding GL_ARB_shader_precision GL_ARB_shader_subroutine GL_ARB_texture_compression_bptc GL_ARB_timer_query GL_ARB_transform_feedback2 GL_ARB_transform_feedback3 GL_ARB_vertex_attrib_64bit GL_ARB_viewport_array GL_EXT_direct_state_access GL_EXT_shader_image_load_store GL_EXT_vertex_attrib_64bit GL_NV_vdpau_interop GL_AMD_multi_draw_indirect GL_ANGLE_texture_compression_dxt3 GL_ANGLE_texture_compression_dxt5 GL_ARB_base_instance GL_ARB_compressed_texture_pixel_storage GL_ARB_conservative_depth GL_ARB_internalformat_query GL_ARB_map_buffer_alignment GL_ARB_shader_atomic_counters GL_ARB_shader_image_load_store GL_ARB_shading_language_420pack GL_ARB_shading_language_packing GL_ARB_texture_storage GL_ARB_transform_feedback_instanced GL_EXT_framebuffer_multisample_blit_scaled GL_EXT_transform_feedback GL_AMD_query_buffer_object GL_AMD_shader_trinary_minmax GL_AMD_vertex_shader_layer GL_AMD_vertex_shader_viewport_index GL_ARB_ES3_compatibility GL_ARB_arrays_of_arrays GL_ARB_clear_buffer_object GL_ARB_compute_shader GL_ARB_copy_image GL_ARB_explicit_uniform_location GL_ARB_fragment_layer_viewport GL_ARB_framebuffer_no_attachments GL_ARB_invalidate_subdata GL_ARB_multi_draw_indirect GL_ARB_program_interface_query GL_ARB_robust_buffer_access_behavior GL_ARB_shader_image_size GL_ARB_shader_storage_buffer_object GL_ARB_stencil_texturing GL_ARB_texture_buffer_range GL_ARB_texture_query_levels GL_ARB_texture_storage_multisample GL_ARB_texture_view GL_ARB_vertex_attrib_binding GL_KHR_debug GL_KHR_robustness GL_KHR_texture_compression_astc_ldr GL_ARB_bindless_texture GL_ARB_buffer_storage GL_ARB_clear_texture GL_ARB_compute_variable_group_size GL_ARB_enhanced_layouts GL_ARB_indirect_parameters GL_ARB_internalformat_query2 GL_ARB_multi_bind GL_ARB_query_buffer_object GL_ARB_seamless_cubemap_per_texture GL_ARB_shader_draw_parameters GL_ARB_shader_group_vote GL_ARB_shading_language_include GL_ARB_texture_mirror_clamp_to_edge GL_ARB_texture_stencil8 GL_ARB_vertex_type_10f_11f_11f_rev GL_EXT_shader_integer_mix GL_ARB_ES3_1_compatibility GL_ARB_clip_control GL_ARB_conditional_render_inverted GL_ARB_cull_distance GL_ARB_derivative_control GL_ARB_direct_state_access GL_ARB_get_texture_sub_image GL_ARB_pipeline_statistics_query GL_ARB_shader_texture_image_samples GL_ARB_texture_barrier GL_ARB_transform_feedback_overflow_query GL_EXT_polygon_offset_clamp GL_KHR_blend_equation_advanced GL_KHR_context_flush_control GL_KHR_robust_buffer_access_behavior GL_ARB_gpu_shader_int64 GL_ARB_parallel_shader_compile GL_ARB_post_depth_coverage GL_ARB_sample_locations GL_ARB_shader_atomic_counter_ops GL_ARB_shader_ballot GL_ARB_shader_clock GL_ARB_shader_viewport_layer_array GL_KHR_no_error GL_KHR_texture_compression_astc_sliced_3d GL_NV_conservative_raster GL_NV_conservative_raster_dilate GL_NV_conservative_raster_pre_snap_triangles GL_NV_fill_rectangle GL_NV_sample_locations GL_NV_viewport_array2 GL_NV_viewport_swizzle GL_EXT_window_rectangles GL_MESA_shader_integer_functions GL_ARB_polygon_offset_clamp GL_ARB_texture_filter_anisotropic GL_KHR_parallel_shader_compile GL_EXT_EGL_image_storage GL_EXT_texture_shadow_lod GL_MESA_framebuffer_flip_y GL_EXT_EGL_sync GL_EXT_demote_to_helper_invocation 
21:04:36: ***************************
21:04:36: *** GL Renderer Started ***
21:04:36: ***************************
21:04:36: Registering ResourceManager for type GpuProgram
21:04:36: GLSL support detected
21:04:36: GL: Using GL_EXT_framebuffer_object for rendering to textures (best)
21:04:36: FBO PF_UNKNOWN depth/stencil support: D0S1 D0S4 D0S8 D0S16 D16S0 D24S0 D32S0 Packed-D24S8
21:04:36: FBO PF_L8 depth/stencil support: D0S0 D0S1 D0S4 D0S8 D0S16 D16S0 D24S0 D32S0 Packed-D24S8
21:04:36: FBO PF_L16 depth/stencil support: D0S0 D0S1 D0S4 D0S8 D0S16 D16S0 D24S0 D32S0 Packed-D24S8
21:04:36: FBO PF_A8 depth/stencil support: D0S0 D0S1 D0S4 D0S8 D0S16 D16S0 D24S0 D32S0 Packed-D24S8
21:04:36: FBO PF_R5G6B5 depth/stencil support: D0S0 D0S1 D0S4 D0S8 D0S16 D16S0 D24S0 D32S0 Packed-D24S8
21:04:36: FBO PF_A4R4G4B4 depth/stencil support: D0S0 D0S1 D0S4 D0S8 D0S16 D16S0 D24S0 D32S0 Packed-D24S8
21:04:36: FBO PF_A1R5G5B5 depth/stencil support: D0S0 D0S1 D0S4 D0S8 D0S16 D16S0 D24S0 D32S0 Packed-D24S8
21:04:36: FBO PF_R8G8B8 depth/stencil support: D0S0 D0S1 D0S4 D0S8 D0S16 D16S0 D24S0 D32S0 Packed-D24S8
21:04:36: FBO PF_B8G8R8 depth/stencil support: D0S0 D0S1 D0S4 D0S8 D0S16 D16S0 D24S0 D32S0 Packed-D24S8
21:04:36: FBO PF_A8R8G8B8 depth/stencil support: D0S0 D0S1 D0S4 D0S8 D0S16 D16S0 D24S0 D32S0 Packed-D24S8
21:04:36: FBO PF_A8B8G8R8 depth/stencil support: D0S0 D0S1 D0S4 D0S8 D0S16 D16S0 D24S0 D32S0 Packed-D24S8
21:04:36: FBO PF_B8G8R8A8 depth/stencil support: D0S0 D0S1 D0S4 D0S8 D0S16 D16S0 D24S0 D32S0 Packed-D24S8
21:04:36: FBO PF_FLOAT16_RGB depth/stencil support: D0S0 D0S1 D0S4 D0S8 D0S16 D16S0 D24S0 D32S0 Packed-D24S8
21:04:36: FBO PF_FLOAT16_RGBA depth/stencil support: D0S0 D0S1 D0S4 D0S8 D0S16 D16S0 D24S0 D32S0 Packed-D24S8
21:04:36: FBO PF_FLOAT32_RGB depth/stencil support: D0S0 D0S1 D0S4 D0S8 D0S16 D16S0 D24S0 D32S0 Packed-D24S8
21:04:36: FBO PF_FLOAT32_RGBA depth/stencil support: D0S0 D0S1 D0S4 D0S8 D0S16 D16S0 D24S0 D32S0 Packed-D24S8
21:04:36: FBO PF_X8R8G8B8 depth/stencil support: D0S0 D0S1 D0S4 D0S8 D0S16 D16S0 D24S0 D32S0 Packed-D24S8
21:04:36: FBO PF_X8B8G8R8 depth/stencil support: D0S0 D0S1 D0S4 D0S8 D0S16 D16S0 D24S0 D32S0 Packed-D24S8
21:04:36: FBO PF_R8G8B8A8 depth/stencil support: D0S0 D0S1 D0S4 D0S8 D0S16 D16S0 D24S0 D32S0 Packed-D24S8
21:04:36: FBO PF_DEPTH16 depth/stencil support: D0S0 D0S1 D0S4 D0S8 D0S16 D16S0 D24S0 D32S0 Packed-D24S8
21:04:36: FBO PF_SHORT_RGBA depth/stencil support: D0S0 D0S1 D0S4 D0S8 D0S16 D16S0 D24S0 D32S0 Packed-D24S8
21:04:36: FBO PF_R3G3B2 depth/stencil support: D0S0 D0S1 D0S4 D0S8 D0S16 D16S0 D24S0 D32S0 Packed-D24S8
21:04:36: FBO PF_FLOAT16_R depth/stencil support: D0S0 D0S1 D0S4 D0S8 D0S16 D16S0 D24S0 D32S0 Packed-D24S8
21:04:36: FBO PF_FLOAT32_R depth/stencil support: D0S0 D0S1 D0S4 D0S8 D0S16 D16S0 D24S0 D32S0 Packed-D24S8
21:04:36: [GL] : Valid FBO targets PF_UNKNOWN PF_L8 PF_L16 PF_A8 PF_R5G6B5 PF_A4R4G4B4 PF_A1R5G5B5 PF_R8G8B8 PF_B8G8R8 PF_A8R8G8B8 PF_A8B8G8R8 PF_B8G8R8A8 PF_FLOAT16_RGB PF_FLOAT16_RGBA PF_FLOAT32_RGB PF_FLOAT32_RGBA PF_X8R8G8B8 PF_X8B8G8R8 PF_R8G8B8A8 PF_DEPTH16 PF_SHORT_RGBA PF_R3G3B2 PF_FLOAT16_R PF_FLOAT32_R 
21:04:36: RenderSystem capabilities
21:04:36: -------------------------
21:04:36: RenderSystem Name: OpenGL Rendering Subsystem
21:04:36: GPU Vendor: unknown
21:04:36: Device Name: NV137
21:04:36: Driver Version: 4.3.0.0
21:04:36:  * Fixed function pipeline: yes
21:04:36:  * 32-bit index buffers: yes
21:04:36:  * Hardware stencil buffer: yes
21:04:36:    - Stencil depth: 8
21:04:36:    - Two sided stencil support: yes
21:04:36:    - Wrap stencil values: yes
21:04:36:  * Vertex programs: yes
21:04:36:    - Number of floating-point constants: 2048
21:04:36:    - Number of integer constants: 0
21:04:36:    - Number of boolean constants: 0
21:04:36:  * Fragment programs: yes
21:04:36:    - Number of floating-point constants: 2048
21:04:36:    - Number of integer constants: 0
21:04:36:    - Number of boolean constants: 0
21:04:36:  * Geometry programs: no
21:04:36:  * Tessellation Hull programs: no
21:04:36:  * Tessellation Domain programs: no
21:04:36:  * Compute programs: no
21:04:36:  * Supported Shader Profiles: arbfp1 arbvp1 glsl glsl100 glsl110 glsl120 ps_1_1 ps_1_2 ps_1_3 ps_1_4
21:04:36:  * Read-back compiled shader: yes
21:04:36:  * Number of vertex attributes: 16
21:04:36:  * Textures
21:04:36:    - Number of texture units: 16
21:04:36:    - Floating point: yes
21:04:36:    - Non-power-of-two: yes
21:04:36:    - 1D textures: yes
21:04:36:    - 2D array textures: yes
21:04:36:    - 3D textures: yes
21:04:36:    - Anisotropic filtering: yes
21:04:36:  * Texture Compression: yes
21:04:36:    - DXT: yes
21:04:36:    - VTC: no
21:04:36:    - PVRTC: no
21:04:36:    - ATC: no
21:04:36:    - ETC1: no
21:04:36:    - ETC2: no
21:04:36:    - BC4/BC5: no
21:04:36:    - BC6H/BC7: no
21:04:36:    - ASTC: no
21:04:36:    - Automatic mipmap generation: yes
21:04:36:  * Vertex Buffers
21:04:36:    - VET_UBYTE4 element type: yes
21:04:36:    - Render to Vertex Buffer: no
21:04:36:    - Instance Data: yes
21:04:36:    - Primitive Restart: no
21:04:36:  * Vertex texture fetch: yes
21:04:36:    - Max vertex textures: 32
21:04:36:    - Vertex textures shared: yes
21:04:36:  * Read/Write Buffers: no
21:04:36:  * Hardware Occlusion Query: yes
21:04:36:  * User clip planes: yes
21:04:36:  * Infinite far plane projection: yes
21:04:36:  * Depth clamping: no
21:04:36:  * Hardware render-to-texture: yes
21:04:36:    - Multiple Render Targets: 8
21:04:36:    - With different bit depths: yes
21:04:36:  * Point Sprites: yes
21:04:36:    - Extended parameters: yes
21:04:36:    - Max Size: 63.375
21:04:36:  * Wide Lines: yes
21:04:36:  * Hardware Gamma: yes
21:04:36:  * PBuffer support: yes
21:04:36:  * Vertex Array Objects: no
21:04:36:  * Separate shader objects: no
21:04:36:    - redeclare GLSL interface block: no
21:04:36:  * Debugging/ profiling events: no
21:04:36:  * Map buffer storage: yes
21:04:36: DefaultWorkQueue('Root') initialising on thread 139755283464576.
21:04:36: DefaultWorkQueue('Root')::WorkerFunc - thread 139755106154240 starting.
21:04:36: DefaultWorkQueue('Root')::WorkerFunc - thread 139755106154240 starting.
21:04:36: DefaultWorkQueue('Root')::WorkerFunc - thread 139755097761536 starting.
21:04:36: DefaultWorkQueue('Root')::WorkerFunc - thread 139755106154240 starting.
21:04:36: DefaultWorkQueue('Root')::WorkerFunc - thread 139755097761536 starting.
21:04:36: Particle Renderer Type 'billboard' registered
21:04:36: SceneManagerFactory for type 'OctreeSceneManager' registered.
21:04:36: SceneManagerFactory for type 'BspSceneManager' registered.
21:04:36: Parsing scripts for resource group BSPWorld
21:04:36: Parsing script scripts/clown.shader
21:04:36: Parsing script scripts/liquid_water.shader
21:04:36: Parsing script scripts/oalite.shader
21:04:36: Parsing script scripts/oanew.shader
21:04:36: Parsing script scripts/oasky.shader
21:04:36: Finished parsing scripts for resource group BSPWorld
21:04:36: Creating resources for group BSPWorld
21:04:36: All done
21:04:36: Parsing scripts for resource group Essential
21:04:36: Parsing script SdkTrays.material
21:04:36: Parsing script OgreProfiler.material
21:04:36: Finished parsing scripts for resource group Essential
21:04:36: Creating resources for group Essential
21:04:36: All done
21:04:36: Parsing scripts for resource group General
21:04:36: Parsing script pbr.program
21:04:36: Parsing script pbr_filament.program
21:04:36: Parsing script Examples.program
21:04:36: Program 'Ogre/BasicVertexPrograms/AmbientOneTextureGLSL' is not supported: Cannot locate resource AmbientOneTexture.glsl in resource group General.
21:04:36: Error: ScriptCompiler - invalid parameters in Examples.program(43): Named constants have not been initialised, perhaps a compile error
21:04:36: Error: ScriptCompiler - invalid parameters in Examples.program(44): Named constants have not been initialised, perhaps a compile error
21:04:36: Program 'Ogre/BasicVertexPrograms/AmbientOneTextureWithUVGLSL' is not supported: Cannot locate resource AmbientOneTextureWithUV.glsl in resource group General.
21:04:36: Error: ScriptCompiler - invalid parameters in Examples.program(54): Named constants have not been initialised, perhaps a compile error
21:04:36: Error: ScriptCompiler - invalid parameters in Examples.program(55): Named constants have not been initialised, perhaps a compile error
21:04:36: Program 'Ogre/BasicFragmentPrograms/DiffuseOneTextureGLSL' is not supported: Cannot locate resource DiffuseOneTexture.glsl in resource group General.
21:04:36: Error: ScriptCompiler - invalid parameters in Examples.program(92): Named constants have not been initialised, perhaps a compile error
21:04:36: Program 'Ogre/HardwareMorphAnimationGLSL' is not supported: Cannot locate resource HardwareMorphAnimationVp.glsl in resource group General.
21:04:36: Error: ScriptCompiler - invalid parameters in Examples.program(187): Named constants have not been initialised, perhaps a compile error
21:04:36: Error: ScriptCompiler - invalid parameters in Examples.program(188): Named constants have not been initialised, perhaps a compile error
21:04:36: Program 'Ogre/HardwarePoseAnimationGLSL' is not supported: Cannot locate resource HardwarePoseAnimationVp.glsl in resource group General.
21:04:36: Error: ScriptCompiler - invalid parameters in Examples.program(237): Named constants have not been initialised, perhaps a compile error
21:04:36: Error: ScriptCompiler - invalid parameters in Examples.program(238): Named constants have not been initialised, perhaps a compile error
21:04:36: Program 'Ogre/HardwareMorphAnimationWithNormalsGLSL' is not supported: Cannot locate resource HardwareMorphAnimationWithNormalsVp.glsl in resource group General.
21:04:36: Error: ScriptCompiler - invalid parameters in Examples.program(290): Named constants have not been initialised, perhaps a compile error
21:04:36: Error: ScriptCompiler - invalid parameters in Examples.program(291): Named constants have not been initialised, perhaps a compile error
21:04:36: Error: ScriptCompiler - invalid parameters in Examples.program(292): Named constants have not been initialised, perhaps a compile error
21:04:36: Error: ScriptCompiler - invalid parameters in Examples.program(293): Named constants have not been initialised, perhaps a compile error
21:04:36: Program 'Ogre/HardwarePoseAnimationWithNormalsGLSL' is not supported: Cannot locate resource HardwarePoseAnimationWithNormalsVp.glsl in resource group General.
21:04:36: Error: ScriptCompiler - invalid parameters in Examples.program(346): Named constants have not been initialised, perhaps a compile error
21:04:36: Error: ScriptCompiler - invalid parameters in Examples.program(347): Named constants have not been initialised, perhaps a compile error
21:04:36: Error: ScriptCompiler - invalid parameters in Examples.program(348): Named constants have not been initialised, perhaps a compile error
21:04:36: Error: ScriptCompiler - invalid parameters in Examples.program(349): Named constants have not been initialised, perhaps a compile error
21:04:36: Parsing script Instancing.program
21:04:36: Program 'Ogre/Instancing_glsl_ps' is not supported: Cannot locate resource Instancing.frag in resource group General.
21:04:36: Error: ScriptCompiler - invalid parameters in Instancing.program(17): Named constants have not been initialised, perhaps a compile error
21:04:36: Error: ScriptCompiler - invalid parameters in Instancing.program(18): Named constants have not been initialised, perhaps a compile error
21:04:36: Parsing script StdQuad_vp.program
21:04:36: Program 'Ogre/Compositor/StdQuad_GLSL_vp' is not supported: Cannot locate resource StdQuad_vp.glsl in resource group General.
21:04:36: Error: ScriptCompiler - invalid parameters in StdQuad_vp.program(66): Named constants have not been initialised, perhaps a compile error
21:04:36: Program 'Ogre/Compositor/StdQuad_Tex2_GLSL_vp' is not supported: Cannot locate resource StdQuad_Tex2_vp.glsl in resource group General.
21:04:36: Error: ScriptCompiler - invalid parameters in StdQuad_vp.program(75): Named constants have not been initialised, perhaps a compile error
21:04:36: Program 'Ogre/Compositor/StdQuad_Tex2a_GLSL_vp' is not supported: Cannot locate resource StdQuad_Tex2a_vp.glsl in resource group General.
21:04:36: Error: ScriptCompiler - invalid parameters in StdQuad_vp.program(84): Named constants have not been initialised, perhaps a compile error
21:04:36: Program 'Ogre/Compositor/StdQuad_Tex3_GLSL_vp' is not supported: Cannot locate resource StdQuad_Tex3_vp.glsl in resource group General.
21:04:36: Error: ScriptCompiler - invalid parameters in StdQuad_vp.program(93): Named constants have not been initialised, perhaps a compile error
21:04:36: Program 'Ogre/Compositor/StdQuad_Tex4_GLSL_vp' is not supported: Cannot locate resource StdQuad_Tex4_vp.glsl in resource group General.
21:04:36: Error: ScriptCompiler - invalid parameters in StdQuad_vp.program(102): Named constants have not been initialised, perhaps a compile error
21:04:36: Parsing script deferred_post.program
21:04:36: Parsing script ShadowCaster.program
21:04:36: Parsing script glTF2_PBR.material
21:04:36: Parsing script filament.material
21:04:36: Parsing script Examples.material
21:04:36: Error: ScriptCompiler - unexpected token in Examples.material(245): 'rtshader_system'. If this is a legacy script you must prepend the type (e.g. font, overlay).
21:04:36: Error: ScriptCompiler - unexpected token in Examples.material(1473): 'rtshader_system'. If this is a legacy script you must prepend the type (e.g. font, overlay).
21:04:36: Error: ScriptCompiler - unexpected token in Examples.material(245): token "rtshader_system" is not recognized
21:04:36: Program 'Examples/GrassWaverVpGLSL' is not supported: Cannot locate resource GrassVp.glsl in resource group General.
21:04:36: Error: ScriptCompiler - invalid parameters in Examples.material(1002): Named constants have not been initialised, perhaps a compile error
21:04:36: Error: ScriptCompiler - invalid parameters in Examples.material(1003): Named constants have not been initialised, perhaps a compile error
21:04:36: Error: ScriptCompiler - invalid parameters in Examples.material(1004): Named constants have not been initialised, perhaps a compile error
21:04:36: Error: ScriptCompiler - invalid parameters in Examples.material(1005): Named constants have not been initialised, perhaps a compile error
21:04:36: Error: ScriptCompiler - invalid parameters in Examples.material(1007): Named constants have not been initialised, perhaps a compile error
21:04:36: Program 'Examples/GrassWaverFpGLSL' is not supported: Cannot locate resource GrassFp.glsl in resource group General.
21:04:36: Error: ScriptCompiler - invalid parameters in Examples.material(1107): Named constants have not been initialised, perhaps a compile error
21:04:36: Program 'Ogre/BasicFragmentPrograms/PassthroughFpGLSL' is not supported: Cannot locate resource PassthroughFP.glsl in resource group General.
21:04:36: Error: ScriptCompiler - unexpected token in Examples.material(1473): token "rtshader_system" is not recognized
21:04:36: Program 'Examples/ShowTangents_vGLSL' is not supported: Cannot locate resource ShowTangents.glsl in resource group General.
21:04:36: Error: ScriptCompiler - invalid parameters in Examples.material(1561): Named constants have not been initialised, perhaps a compile error
21:04:36: Program 'Examples/ShowNormals_vGLSL' is not supported: Cannot locate resource ShowNormals.glsl in resource group General.
21:04:36: Error: ScriptCompiler - invalid parameters in Examples.material(1587): Named constants have not been initialised, perhaps a compile error
21:04:36: Program 'Examples/ShowUV_pGLSL' is not supported: Cannot locate resource ShowUV.glsl in resource group General.
21:04:36: Program 'Examples/ShowUVdir3D_pGLSL' is not supported: Cannot locate resource ShowUVdir3D.glsl in resource group General.
21:04:36: Parsing script MotionBlur.material
21:04:36: Program 'Ogre/Compositor/Combine_GLSL_fp' is not supported: Cannot locate resource Combine_fp.glsl in resource group General.
21:04:36: Error: ScriptCompiler - invalid parameters in MotionBlur.material(17): Named constants have not been initialised, perhaps a compile error
21:04:36: Error: ScriptCompiler - invalid parameters in MotionBlur.material(18): Named constants have not been initialised, perhaps a compile error
21:04:36: Error: ScriptCompiler - invalid parameters in MotionBlur.material(19): Named constants have not been initialised, perhaps a compile error
21:04:36: Parsing script AdaptivePNTrianglesTessellation.material
21:04:36: Parsing script ASCII.material
21:04:36: Parsing script BlackAndWhite.material
21:04:36: Program 'Ogre/Compositor/B&W_GLSL_FP' is not supported: Cannot locate resource GrayScale.glsl in resource group General.
21:04:36: Parsing script Bloom2.material
21:04:36: Program 'Blur_vs_glsl' is not supported: Cannot locate resource Blur_vs.glsl in resource group General.
21:04:36: Error: ScriptCompiler - invalid parameters in Bloom2.material(26): Named constants have not been initialised, perhaps a compile error
21:04:36: Program 'Bloom2_ps20_glsl' is not supported: Cannot locate resource Bloom2_ps20.glsl in resource group General.
21:04:36: Error: ScriptCompiler - invalid parameters in Bloom2.material(46): Named constants have not been initialised, perhaps a compile error
21:04:36: Error: ScriptCompiler - invalid parameters in Bloom2.material(47): Named constants have not been initialised, perhaps a compile error
21:04:36: Program 'BlurH_ps20_glsl' is not supported: Cannot locate resource BlurH_ps20.glsl in resource group General.
21:04:36: Program 'BlurV_ps20_glsl' is not supported: Cannot locate resource BlurV_ps20.glsl in resource group General.
21:04:36: Program 'BrightBloom2_ps20_glsl' is not supported: Cannot locate resource BrightBloom2_ps20.glsl in resource group General.
21:04:36: Parsing script CompositorDemo.material
21:04:36: Parsing script Compute.material
21:04:36: Parsing script DamagedHelmet.material
21:04:36: Error: ScriptCompiler - unexpected token in DamagedHelmet.material(53): 'rtshader_system'. If this is a legacy script you must prepend the type (e.g. font, overlay).
21:04:36: Error: ScriptCompiler - unexpected token in DamagedHelmet.material(53): token "rtshader_system" is not recognized
21:04:36: Parsing script DepthShadowmap.material
21:04:36: Program 'Ogre/DepthShadowmap/ReceiverFP_GLSL' is not supported: Cannot locate resource DepthShadowmapReceiverFp.glsl in resource group General.
21:04:36: Error: ScriptCompiler - invalid parameters in DepthShadowmap.material(70): Named constants have not been initialised, perhaps a compile error
21:04:36: Program 'Ogre/DepthShadowmap/NormalMapReceiverFP_GLSL' is not supported: Cannot locate resource DepthShadowmapNormalMapReceiverFp.glsl in resource group General.
21:04:36: Error: ScriptCompiler - invalid parameters in DepthShadowmap.material(91): Named constants have not been initialised, perhaps a compile error
21:04:36: Error: ScriptCompiler - invalid parameters in DepthShadowmap.material(92): Named constants have not been initialised, perhaps a compile error
21:04:36: Program 'Ogre/DepthShadowmap/NormalMapReceiverFPPCF_GLSL' is not supported: Cannot locate resource DepthShadowmapNormalMapReceiverFp.glsl in resource group General.
21:04:36: Error: ScriptCompiler - invalid parameters in DepthShadowmap.material(103): Named constants have not been initialised, perhaps a compile error
21:04:36: Error: ScriptCompiler - invalid parameters in DepthShadowmap.material(104): Named constants have not been initialised, perhaps a compile error
21:04:36: Program 'Ogre/DepthShadowmap/ReceiverVP_GLSL' is not supported: Cannot locate resource DepthShadowmapReceiverVp.glsl in resource group General.
21:04:36: Error: ScriptCompiler - invalid parameters in DepthShadowmap.material(124): Named constants have not been initialised, perhaps a compile error
21:04:36: Error: ScriptCompiler - invalid parameters in DepthShadowmap.material(125): Named constants have not been initialised, perhaps a compile error
21:04:36: Error: ScriptCompiler - invalid parameters in DepthShadowmap.material(126): Named constants have not been initialised, perhaps a compile error
21:04:36: Error: ScriptCompiler - invalid parameters in DepthShadowmap.material(127): Named constants have not been initialised, perhaps a compile error
21:04:36: Error: ScriptCompiler - invalid parameters in DepthShadowmap.material(128): Named constants have not been initialised, perhaps a compile error
21:04:36: Error: ScriptCompiler - invalid parameters in DepthShadowmap.material(129): Named constants have not been initialised, perhaps a compile error
21:04:36: Program 'Ogre/DepthShadowmap/ReceiverFPPCF_GLSL' is not supported: Cannot locate resource DepthShadowmapReceiverFp.glsl in resource group General.
21:04:36: Error: ScriptCompiler - invalid parameters in DepthShadowmap.material(152): Named constants have not been initialised, perhaps a compile error
21:04:36: Error: ScriptCompiler - invalid parameters in DepthShadowmap.material(153): Named constants have not been initialised, perhaps a compile error
21:04:36: Error: ScriptCompiler - invalid parameters in DepthShadowmap.material(154): Named constants have not been initialised, perhaps a compile error
21:04:36: Program 'Ogre/DepthShadowmap/NormalMapReceiverVP_GLSL' is not supported: Cannot locate resource DepthShadowmapNormalMapReceiverVp.glsl in resource group General.
21:04:36: Error: ScriptCompiler - invalid parameters in DepthShadowmap.material(164): Named constants have not been initialised, perhaps a compile error
21:04:36: Error: ScriptCompiler - invalid parameters in DepthShadowmap.material(165): Named constants have not been initialised, perhaps a compile error
21:04:36: Error: ScriptCompiler - invalid parameters in DepthShadowmap.material(166): Named constants have not been initialised, perhaps a compile error
21:04:36: Error: ScriptCompiler - invalid parameters in DepthShadowmap.material(167): Named constants have not been initialised, perhaps a compile error
21:04:36: Parsing script Dither.material
21:04:36: Program 'Ogre/Compositor/Dither_GLSL_FP' is not supported: Cannot locate resource DitherFP.glsl in resource group General.
21:04:36: Error: ScriptCompiler - invalid parameters in Dither.material(12): Named constants have not been initialised, perhaps a compile error
21:04:36: Error: ScriptCompiler - invalid parameters in Dither.material(13): Named constants have not been initialised, perhaps a compile error
21:04:36: Parsing script DOF.material
21:04:36: Parsing script DualQuaternion.material
21:04:36: Parsing script Embossed.material
21:04:36: Program 'Ogre/Compositor/Embossed_GLSL_FP' is not supported: Cannot locate resource EmbossedFp.glsl in resource group General.
21:04:36: Parsing script Examples-Advanced.material
21:04:36: Program 'Examples/BumpMapFPGLSL' is not supported: Cannot locate resource Example_BumpMappingFp.glsl in resource group General.
21:04:36: Error: ScriptCompiler - invalid parameters in Examples-Advanced.material(218): Named constants have not been initialised, perhaps a compile error
21:04:36: Program 'Examples/BumpMapFPShadowRcvGLSL' is not supported: Cannot locate resource Example_BumpMappingShadowRcvFp.glsl in resource group General.
21:04:36: Error: ScriptCompiler - invalid parameters in Examples-Advanced.material(263): Named constants have not been initialised, perhaps a compile error
21:04:36: Error: ScriptCompiler - invalid parameters in Examples-Advanced.material(264): Named constants have not been initialised, perhaps a compile error
21:04:36: Program 'Examples/BumpMapFPSpecularGLSL' is not supported: Cannot locate resource Example_BumpMappingSpecularFp.glsl in resource group General.
21:04:36: Error: ScriptCompiler - invalid parameters in Examples-Advanced.material(309): Named constants have not been initialised, perhaps a compile error
21:04:36: Program 'Examples/BumpMapVPGLSL' is not supported: Cannot locate resource Example_BumpMappingVp.glsl in resource group General.
21:04:36: Program 'Examples/BumpMapVPShadowRcvGLSL' is not supported: Cannot locate resource Example_BumpMappingShadowRcvVp.glsl in resource group General.
21:04:36: Program 'Examples/BumpMapVPSpecularGLSL' is not supported: Cannot locate resource Example_BumpMappingSpecularVp.glsl in resource group General.
21:04:36: Program 'Examples/BumpMapVPTangentParityGLSL' is not supported: Cannot locate resource BumpMapVPTangentParity.glsl in resource group General.
21:04:36: Program 'Examples/FresnelRefractReflectFPGLSL' is not supported: Cannot locate resource Example_FresnelFp.glsl in resource group General.
21:04:36: Error: ScriptCompiler - invalid parameters in Examples-Advanced.material(561): Named constants have not been initialised, perhaps a compile error
21:04:36: Error: ScriptCompiler - invalid parameters in Examples-Advanced.material(562): Named constants have not been initialised, perhaps a compile error
21:04:36: Error: ScriptCompiler - invalid parameters in Examples-Advanced.material(563): Named constants have not been initialised, perhaps a compile error
21:04:36: Program 'Examples/FresnelRefractReflectVPGLSL' is not supported: Cannot locate resource Example_FresnelVp.glsl in resource group General.
21:04:36: Program 'Examples/TextureArrayVSglsl' is not supported: Cannot locate resource Example_TextureArrayVS.glsl in resource group General.
21:04:36: Error: ScriptCompiler - invalid parameters in Examples-Advanced.material(732): Named constants have not been initialised, perhaps a compile error
21:04:36: Program 'Examples/TextureArrayPSglsl' is not supported: Cannot locate resource Example_TextureArrayPS.glsl in resource group General.
21:04:36: Error: ScriptCompiler - invalid parameters in Examples-Advanced.material(742): Named constants have not been initialised, perhaps a compile error
21:04:36: Parsing script Examples-DynTex.material
21:04:36: Parsing script Examples-Water.material
21:04:36: Parsing script facial.material
21:04:36: Parsing script FluidSim.material
21:04:36: Parsing script Glass.material
21:04:36: Program 'Ogre/Compositor/GlassFP_glsl' is not supported: Cannot locate resource GlassFP.glsl in resource group General.
21:04:36: Error: ScriptCompiler - invalid parameters in Glass.material(12): Named constants have not been initialised, perhaps a compile error
21:04:36: Error: ScriptCompiler - invalid parameters in Glass.material(13): Named constants have not been initialised, perhaps a compile error
21:04:36: Parsing script Hair.material
21:04:36: Parsing script Halftone.material
21:04:36: Parsing script hdr.material
21:04:36: Program 'Ogre/Compositor/HDR/downscale2x2LuminenceGLSL_fp' is not supported: Cannot locate resource hdr_downscale2x2luminence.glsl in resource group General.
21:04:36: Error: ScriptCompiler - invalid parameters in hdr.material(21): Named constants have not been initialised, perhaps a compile error
21:04:36: Program 'Ogre/Compositor/HDR/downscale3x3GLSL_fp' is not supported: Cannot locate resource hdr_downscale3x3.glsl in resource group General.
21:04:36: Error: ScriptCompiler - invalid parameters in hdr.material(82): Named constants have not been initialised, perhaps a compile error
21:04:36: Program 'Ogre/Compositor/HDR/downscale3x3brightpassGLSL_fp' is not supported: Cannot locate resource hdr_downscale3x3brightpass.glsl in resource group General.
21:04:36: Error: ScriptCompiler - invalid parameters in hdr.material(143): Named constants have not been initialised, perhaps a compile error
21:04:36: Error: ScriptCompiler - invalid parameters in hdr.material(144): Named constants have not been initialised, perhaps a compile error
21:04:36: Program 'Ogre/Compositor/HDR/bloomGLSL_fp' is not supported: Cannot locate resource hdr_bloom.glsl in resource group General.
21:04:36: Error: ScriptCompiler - invalid parameters in hdr.material(212): Named constants have not been initialised, perhaps a compile error
21:04:36: Program 'Ogre/Compositor/HDR/finaltonemappingGLSL_fp' is not supported: Cannot locate resource hdr_finalToneMapping.glsl in resource group General.
21:04:36: Error: ScriptCompiler - invalid parameters in hdr.material(272): Named constants have not been initialised, perhaps a compile error
21:04:36: Error: ScriptCompiler - invalid parameters in hdr.material(273): Named constants have not been initialised, perhaps a compile error
21:04:36: Error: ScriptCompiler - invalid parameters in hdr.material(274): Named constants have not been initialised, perhaps a compile error
21:04:36: Parsing script HeatVision.material
21:04:36: Program 'Fury/HeatVision/HeatCaster_GLSL_vp' is not supported: Cannot locate resource HeatCasterVp.glsl in resource group General.
21:04:36: Program 'Fury/HeatVision/HeatCaster_GLSL_fp' is not supported: Cannot locate resource HeatCasterFp.glsl in resource group General.
21:04:36: Program 'Fury/HeatVision/ColdCaster_GLSL_vp' is not supported: Cannot locate resource ColdCasterVp.glsl in resource group General.
21:04:36: Program 'Fury/HeatVision/ColdCaster_GLSL_fp' is not supported: Cannot locate resource ColdCasterFp.glsl in resource group General.
21:04:36: Program 'Fury/HeatVision/LightToHeat_GLSL_fp' is not supported: Cannot locate resource LightToHeatFp.glsl in resource group General.
21:04:36: Error: ScriptCompiler - invalid parameters in HeatVision.material(179): Named constants have not been initialised, perhaps a compile error
21:04:36: Error: ScriptCompiler - invalid parameters in HeatVision.material(180): Named constants have not been initialised, perhaps a compile error
21:04:36: Error: ScriptCompiler - invalid parameters in HeatVision.material(181): Named constants have not been initialised, perhaps a compile error
21:04:36: Program 'Fury/HeatVision/Blur_GLSL_fp' is not supported: Cannot locate resource HeatBlurFp.glsl in resource group General.
21:04:36: Error: ScriptCompiler - invalid parameters in HeatVision.material(270): Named constants have not been initialised, perhaps a compile error
21:04:36: Parsing script Hurt.material
21:04:36: Parsing script HWInstancing.material
21:04:36: Error: ScriptCompiler - unexpected token in HWInstancing.material(12): 'rtshader_system'. If this is a legacy script you must prepend the type (e.g. font, overlay).
21:04:36: Error: ScriptCompiler - unexpected token in HWInstancing.material(36): 'rtshader_system'. If this is a legacy script you must prepend the type (e.g. font, overlay).
21:04:36: Error: ScriptCompiler - unexpected token in HWInstancing.material(61): 'rtshader_system'. If this is a legacy script you must prepend the type (e.g. font, overlay).
21:04:36: Error: ScriptCompiler - unexpected token in HWInstancing.material(12): token "rtshader_system" is not recognized
21:04:36: Error: ScriptCompiler - unexpected token in HWInstancing.material(36): token "rtshader_system" is not recognized
21:04:36: Error: ScriptCompiler - unexpected token in HWInstancing.material(61): token "rtshader_system" is not recognized
21:04:36: Parsing script HW_VTFInstancing.material
21:04:36: Program 'Ogre/Instancing/HW_VTF_glsl_vs' is not supported: Cannot locate resource HW_VTFInstancing.vert in resource group General.
21:04:36: Error: ScriptCompiler - invalid parameters in HW_VTFInstancing.material(19): Named constants have not been initialised, perhaps a compile error
21:04:36: Program 'Ogre/Instancing/VTF/HW/shadow_caster_glsl_vs' is not supported: Cannot locate resource HW_VTFInstancing.vert in resource group General.
21:04:36: Error: ScriptCompiler - invalid parameters in HW_VTFInstancing.material(33): Named constants have not been initialised, perhaps a compile error
21:04:36: Program 'Ogre/Instancing/HW_VTF_dq_glsl_vs' is not supported: Cannot locate resource HW_VTFInstancing.vert in resource group General.
21:04:36: Error: ScriptCompiler - invalid parameters in HW_VTFInstancing.material(47): Named constants have not been initialised, perhaps a compile error
21:04:36: Program 'Ogre/Instancing/VTF/HW/shadow_caster_dq_glsl_vs' is not supported: Cannot locate resource HW_VTFInstancing.vert in resource group General.
21:04:36: Error: ScriptCompiler - invalid parameters in HW_VTFInstancing.material(61): Named constants have not been initialised, perhaps a compile error
21:04:36: Program 'Ogre/Instancing/HW_VTF_dq_two_weights_glsl_vs' is not supported: Cannot locate resource HW_VTFInstancing.vert in resource group General.
21:04:36: Error: ScriptCompiler - invalid parameters in HW_VTFInstancing.material(75): Named constants have not been initialised, perhaps a compile error
21:04:36: Program 'Ogre/Instancing/VTF/HW/shadow_caster_dq_two_weights_glsl_vs' is not supported: Cannot locate resource HW_VTFInstancing.vert in resource group General.
21:04:36: Error: ScriptCompiler - invalid parameters in HW_VTFInstancing.material(89): Named constants have not been initialised, perhaps a compile error
21:04:36: Program 'Ogre/Instancing/shadow_caster_glsl_ps' is not supported: Cannot locate resource pssmCasterFp.glsl in resource group General.
21:04:36: Parsing script HW_VTF_LUTInstancing.material
21:04:36: Program 'Ogre/Instancing/HW_VTF_LUT_glsl_vs' is not supported: Cannot locate resource HW_VTFInstancing.vert in resource group General.
21:04:36: Error: ScriptCompiler - invalid parameters in HW_VTF_LUTInstancing.material(19): Named constants have not been initialised, perhaps a compile error
21:04:36: Program 'Ogre/Instancing/VTF/HW/LUT/shadow_caster_glsl_vs' is not supported: Cannot locate resource HW_VTFInstancing.vert in resource group General.
21:04:36: Error: ScriptCompiler - invalid parameters in HW_VTF_LUTInstancing.material(33): Named constants have not been initialised, perhaps a compile error
21:04:36: Program 'Ogre/Instancing/HW_VTF_LUT_dq_glsl_vs' is not supported: Cannot locate resource HW_VTFInstancing.vert in resource group General.
21:04:36: Error: ScriptCompiler - invalid parameters in HW_VTF_LUTInstancing.material(47): Named constants have not been initialised, perhaps a compile error
21:04:36: Program 'Ogre/Instancing/VTF/HW/LUT/shadow_caster_dq_glsl_vs' is not supported: Cannot locate resource HW_VTFInstancing.vert in resource group General.
21:04:36: Error: ScriptCompiler - invalid parameters in HW_VTF_LUTInstancing.material(61): Named constants have not been initialised, perhaps a compile error
21:04:36: Program 'Ogre/Instancing/HW_VTF_LUT_dq_two_weights_glsl_vs' is not supported: Cannot locate resource HW_VTFInstancing.vert in resource group General.
21:04:36: Error: ScriptCompiler - invalid parameters in HW_VTF_LUTInstancing.material(75): Named constants have not been initialised, perhaps a compile error
21:04:36: Program 'Ogre/Instancing/VTF/HW/LUT/shadow_caster_dq_two_weights_glsl_vs' is not supported: Cannot locate resource HW_VTFInstancing.vert in resource group General.
21:04:36: Error: ScriptCompiler - invalid parameters in HW_VTF_LUTInstancing.material(89): Named constants have not been initialised, perhaps a compile error
21:04:36: Parsing script Invert.material
21:04:36: Program 'Ogre/Compositor/Invert_GLSL_FP' is not supported: Cannot locate resource InvertFP.glsl in resource group General.
21:04:36: Parsing script Island.material
21:04:36: Parsing script IsoSurf.material
21:04:36: Parsing script Laplace.material
21:04:36: Program 'Ogre/Compositor/Laplace_GLSL_FP' is not supported: Cannot locate resource LaplaceFP.glsl in resource group General.
21:04:36: Parsing script LigthShafts.material
21:04:36: Program 'LightShafts_FP_GLSL' is not supported: Cannot locate resource LightShafts.frag in resource group General.
21:04:36: Error: ScriptCompiler - invalid parameters in LigthShafts.material(25): Named constants have not been initialised, perhaps a compile error
21:04:36: Error: ScriptCompiler - invalid parameters in LigthShafts.material(26): Named constants have not been initialised, perhaps a compile error
21:04:36: Error: ScriptCompiler - invalid parameters in LigthShafts.material(27): Named constants have not been initialised, perhaps a compile error
21:04:36: Program 'LightShafts_VP_GLSL' is not supported: Cannot locate resource LightShafts.vert in resource group General.
21:04:36: Error: ScriptCompiler - invalid parameters in LigthShafts.material(43): Named constants have not been initialised, perhaps a compile error
21:04:36: Error: ScriptCompiler - invalid parameters in LigthShafts.material(44): Named constants have not been initialised, perhaps a compile error
21:04:36: Error: ScriptCompiler - invalid parameters in LigthShafts.material(45): Named constants have not been initialised, perhaps a compile error
21:04:36: Parsing script MRTtest.material
21:04:36: Program 'Ogre/MRTtest/scenefp/GLSL' is not supported: Cannot locate resource mrttestfp_scene.glsl in resource group General.
21:04:36: Program 'Ogre/MRTtest/quadfp/GLSL' is not supported: Cannot locate resource mrttestfp_quad.glsl in resource group General.
21:04:36: Error: ScriptCompiler - invalid parameters in MRTtest.material(66): Named constants have not been initialised, perhaps a compile error
21:04:36: Error: ScriptCompiler - invalid parameters in MRTtest.material(67): Named constants have not been initialised, perhaps a compile error
21:04:36: Error: ScriptCompiler - invalid parameters in MRTtest.material(68): Named constants have not been initialised, perhaps a compile error
21:04:36: Error: ScriptCompiler - invalid parameters in MRTtest.material(69): Named constants have not been initialised, perhaps a compile error
21:04:36: Parsing script NightVision.material
21:04:36: Parsing script Ocean.material
21:04:36: Program 'GLSL/OceanVS' is not supported: Cannot locate resource oceanGLSL.vert in resource group General.
21:04:36: Error: ScriptCompiler - invalid parameters in Ocean.material(25): Named constants have not been initialised, perhaps a compile error
21:04:36: Error: ScriptCompiler - invalid parameters in Ocean.material(26): Named constants have not been initialised, perhaps a compile error
21:04:36: Error: ScriptCompiler - invalid parameters in Ocean.material(27): Named constants have not been initialised, perhaps a compile error
21:04:36: Error: ScriptCompiler - invalid parameters in Ocean.material(28): Named constants have not been initialised, perhaps a compile error
21:04:36: Program 'GLSL/OceanFS' is not supported: Cannot locate resource oceanGLSL.frag in resource group General.
21:04:36: Error: ScriptCompiler - invalid parameters in Ocean.material(38): Named constants have not been initialised, perhaps a compile error
21:04:36: Error: ScriptCompiler - invalid parameters in Ocean.material(39): Named constants have not been initialised, perhaps a compile error
21:04:36: Program 'GLSL/Ocean2VS' is not supported: Cannot locate resource Ocean2GLSL.vert in resource group General.
21:04:36: Error: ScriptCompiler - invalid parameters in Ocean.material(114): Named constants have not been initialised, perhaps a compile error
21:04:36: Program 'GLSL/Ocean2FS' is not supported: Cannot locate resource Ocean2GLSL.frag in resource group General.
21:04:36: Error: ScriptCompiler - invalid parameters in Ocean.material(123): Named constants have not been initialised, perhaps a compile error
21:04:36: Error: ScriptCompiler - invalid parameters in Ocean.material(124): Named constants have not been initialised, perhaps a compile error
21:04:36: Parsing script OffsetMapping.material
21:04:36: Error: ScriptCompiler - unexpected token in OffsetMapping.material(16): 'rtshader_system'. If this is a legacy script you must prepend the type (e.g. font, overlay).
21:04:36: Error: ScriptCompiler - unexpected token in OffsetMapping.material(47): 'rtshader_system'. If this is a legacy script you must prepend the type (e.g. font, overlay).
21:04:36: Error: ScriptCompiler - unexpected token in OffsetMapping.material(16): token "rtshader_system" is not recognized
21:04:36: Error: ScriptCompiler - unexpected token in OffsetMapping.material(47): token "rtshader_system" is not recognized
21:04:36: Program 'Examples/OffsetMappingIntegratedShadowsFPglsl' is not supported: Cannot locate resource OffsetMappingShadowsFp.glsl in resource group General.
21:04:36: Error: ScriptCompiler - invalid parameters in OffsetMapping.material(81): Named constants have not been initialised, perhaps a compile error
21:04:36: Error: ScriptCompiler - invalid parameters in OffsetMapping.material(82): Named constants have not been initialised, perhaps a compile error
21:04:36: Error: ScriptCompiler - invalid parameters in OffsetMapping.material(83): Named constants have not been initialised, perhaps a compile error
21:04:36: Error: ScriptCompiler - invalid parameters in OffsetMapping.material(84): Named constants have not been initialised, perhaps a compile error
21:04:36: Program 'Examples/OffsetMappingIntegratedShadowsVPglsl' is not supported: Cannot locate resource OffsetMappingShadowsVp.glsl in resource group General.
21:04:36: Parsing script Ogre.material
21:04:36: Parsing script OldMovie.material
21:04:36: Program 'Ogre/Compositor/OldMovie_GLSL_FP' is not supported: Cannot locate resource OldMovieFP.glsl in resource group General.
21:04:36: Error: ScriptCompiler - invalid parameters in OldMovie.material(12): Named constants have not been initialised, perhaps a compile error
21:04:36: Error: ScriptCompiler - invalid parameters in OldMovie.material(13): Named constants have not been initialised, perhaps a compile error
21:04:36: Error: ScriptCompiler - invalid parameters in OldMovie.material(14): Named constants have not been initialised, perhaps a compile error
21:04:36: Error: ScriptCompiler - invalid parameters in OldMovie.material(15): Named constants have not been initialised, perhaps a compile error
21:04:36: Parsing script OldTV.material
21:04:36: Parsing script ParticleGS.material
21:04:36: Parsing script Penguin.material
21:04:36: Parsing script Posterize.material
21:04:36: Program 'Ogre/Compositor/Posterize_GLSL_FP' is not supported: Cannot locate resource PosterizeFP.glsl in resource group General.
21:04:36: Parsing script pssm.material
21:04:36: Error: ScriptCompiler - unexpected token in pssm.material(11): 'rtshader_system'. If this is a legacy script you must prepend the type (e.g. font, overlay).
21:04:36: Error: ScriptCompiler - unexpected token in pssm.material(11): token "rtshader_system" is not recognized
21:04:36: Parsing script RadialBlur.material
21:04:36: Program 'Radial_Blur_GLSL_ps' is not supported: Cannot locate resource Radial_Blur_FP.glsl in resource group General.
21:04:36: Parsing script RasterizationOrder.material
21:04:36: Parsing script RZR-002.material
21:04:36: Parsing script ShaderInstancing.material
21:04:36: Error: ScriptCompiler - unexpected token in ShaderInstancing.material(12): 'rtshader_system'. If this is a legacy script you must prepend the type (e.g. font, overlay).
21:04:36: Error: ScriptCompiler - unexpected token in ShaderInstancing.material(27): 'rtshader_system'. If this is a legacy script you must prepend the type (e.g. font, overlay).
21:04:36: Error: ScriptCompiler - unexpected token in ShaderInstancing.material(42): 'rtshader_system'. If this is a legacy script you must prepend the type (e.g. font, overlay).
21:04:36: Error: ScriptCompiler - unexpected token in ShaderInstancing.material(66): 'rtshader_system'. If this is a legacy script you must prepend the type (e.g. font, overlay).
21:04:36: Error: ScriptCompiler - unexpected token in ShaderInstancing.material(89): 'rtshader_system'. If this is a legacy script you must prepend the type (e.g. font, overlay).
21:04:36: Error: ScriptCompiler - unexpected token in ShaderInstancing.material(113): 'rtshader_system'. If this is a legacy script you must prepend the type (e.g. font, overlay).
21:04:36: Error: ScriptCompiler - unexpected token in ShaderInstancing.material(12): token "rtshader_system" is not recognized
21:04:36: Error: ScriptCompiler - unexpected token in ShaderInstancing.material(27): token "rtshader_system" is not recognized
21:04:36: Error: ScriptCompiler - unexpected token in ShaderInstancing.material(42): token "rtshader_system" is not recognized
21:04:36: Error: ScriptCompiler - unexpected token in ShaderInstancing.material(66): token "rtshader_system" is not recognized
21:04:36: Error: ScriptCompiler - unexpected token in ShaderInstancing.material(89): token "rtshader_system" is not recognized
21:04:36: Error: ScriptCompiler - unexpected token in ShaderInstancing.material(113): token "rtshader_system" is not recognized
21:04:36: Parsing script ShaderSystem.material
21:04:36: Parsing script SharpenEdges.material
21:04:36: Program 'Ogre/Compositor/SharpenEdgesFP_glsl' is not supported: Cannot locate resource SharpenEdgesFP.glsl in resource group General.
21:04:36: Error: ScriptCompiler - invalid parameters in SharpenEdges.material(19): Named constants have not been initialised, perhaps a compile error
21:04:36: Parsing script sibenik.material
21:04:36: Parsing script smoke.material
21:04:36: Parsing script Swizzle.material
21:04:36: Program 'Ogre/GPTest/Swizzle/VP_GLSL_120' is not supported: Cannot locate resource PassthroughVP.glsl in resource group General.
21:04:36: Error: ScriptCompiler - invalid parameters in Swizzle.material(57): Named constants have not been initialised, perhaps a compile error
21:04:36: Program 'Ogre/GPTest/Swizzle/FP_GLSL_120' is not supported: Cannot locate resource PassthroughFP.glsl in resource group General.
21:04:36: Parsing script TerrainTessellation.material
21:04:36: Parsing script Tessellation.material
21:04:36: Parsing script Tiling.material
21:04:36: Program 'Ogre/Compositor/Tiling_GLSL_FP' is not supported: Cannot locate resource TilingFP.glsl in resource group General.
21:04:36: Parsing script VarianceShadowmap.material
21:04:36: Parsing script VTFInstancing.material
21:04:36: Program 'Ogre/Instancing/VTF_glsl_vs' is not supported: Cannot locate resource VTFInstancing.vert in resource group General.
21:04:36: Error: ScriptCompiler - invalid parameters in VTFInstancing.material(19): Named constants have not been initialised, perhaps a compile error
21:04:36: Program 'Ogre/Instancing/VTF/shadow_caster_glsl_vs' is not supported: Cannot locate resource VTFInstancing.vert in resource group General.
21:04:36: Error: ScriptCompiler - invalid parameters in VTFInstancing.material(33): Named constants have not been initialised, perhaps a compile error
21:04:36: Program 'Ogre/Instancing/VTF_dq_glsl_vs' is not supported: Cannot locate resource VTFInstancing.vert in resource group General.
21:04:36: Error: ScriptCompiler - invalid parameters in VTFInstancing.material(47): Named constants have not been initialised, perhaps a compile error
21:04:36: Program 'Ogre/Instancing/VTF/shadow_caster_dq_glsl_vs' is not supported: Cannot locate resource VTFInstancing.vert in resource group General.
21:04:36: Error: ScriptCompiler - invalid parameters in VTFInstancing.material(61): Named constants have not been initialised, perhaps a compile error
21:04:36: Program 'Ogre/Instancing/VTF_dq_two_weights_glsl_vs' is not supported: Cannot locate resource VTFInstancing.vert in resource group General.
21:04:36: Error: ScriptCompiler - invalid parameters in VTFInstancing.material(75): Named constants have not been initialised, perhaps a compile error
21:04:36: Program 'Ogre/Instancing/VTF/shadow_caster_dq_two_weights_glsl_vs' is not supported: Cannot locate resource VTFInstancing.vert in resource group General.
21:04:36: Error: ScriptCompiler - invalid parameters in VTFInstancing.material(89): Named constants have not been initialised, perhaps a compile error
21:04:36: Parsing script deferreddemo.material
21:04:36: Parsing script deferred_post.material
21:04:36: Parsing script deferred_post_minilight.material
21:04:36: Parsing script ShadowCaster.material
21:04:36: Parsing script ssao.material
21:04:36: Parsing script ROOM.material
21:04:36: Parsing script CreaseShading.material
21:04:36: Parsing script Crytek.material
21:04:36: Parsing script GBuffer.material
21:04:36: Error: ScriptCompiler - unexpected token in GBuffer.material(7): 'rtshader_system'. If this is a legacy script you must prepend the type (e.g. font, overlay).
21:04:36: Error: ScriptCompiler - unexpected token in GBuffer.material(7): token "rtshader_system" is not recognized
21:04:36: Parsing script HemisphereMC.material
21:04:36: Parsing script HorizonBased.material
21:04:36: Parsing script Modulate.material
21:04:36: Parsing script ShowDepth.material
21:04:36: Parsing script ShowNormals.material
21:04:36: Parsing script ShowViewPos.material
21:04:36: Parsing script SSAOPost.material
21:04:36: Parsing script UnsharpMask.material
21:04:36: Parsing script Volumetric.material
21:04:36: Parsing script triplanarReference.material
21:04:36: Error: ScriptCompiler - unexpected token in triplanarReference.material(9): 'rtshader_system'. If this is a legacy script you must prepend the type (e.g. font, overlay).
21:04:36: Error: ScriptCompiler - unexpected token in triplanarReference.material(9): token "rtshader_system" is not recognized
21:04:36: Parsing script CSMShadows.material
21:04:36: Parsing script RomanBath.material
21:04:36: Parsing script Sinbad.material
21:04:36: Parsing script emitted_emitter.particle
21:04:36: Parsing script Examples-Water.particle
21:04:36: Parsing script Examples.particle
21:04:36: Parsing script smoke.particle
21:04:36: Parsing script Examples.compositor
21:04:36: Parsing script deferred.compositor
21:04:36: Parsing script ssao.compositor
21:04:36: Parsing script SSAO.compositor
21:04:36: Parsing script SSAOPost.compositor
21:04:36: Finished parsing scripts for resource group General
21:04:36: Creating resources for group General
21:04:36: All done
21:04:36: Parsing scripts for resource group OgreAutodetect
21:04:36: Finished parsing scripts for resource group OgreAutodetect
21:04:36: Creating resources for group OgreAutodetect
21:04:36: All done
21:04:36: Parsing scripts for resource group OgreInternal
21:04:36: Parsing script ShadowVolumeExtude.program
21:04:36: Parsing script DualQuaternionSkinning_Shadow.material
21:04:36: Error: ScriptCompiler - unexpected token in DualQuaternionSkinning_Shadow.material(13): 'rtshader_system'. If this is a legacy script you must prepend the type (e.g. font, overlay).
21:04:36: Error: ScriptCompiler - unexpected token in DualQuaternionSkinning_Shadow.material(30): 'rtshader_system'. If this is a legacy script you must prepend the type (e.g. font, overlay).
21:04:36: Error: ScriptCompiler - unexpected token in DualQuaternionSkinning_Shadow.material(47): 'rtshader_system'. If this is a legacy script you must prepend the type (e.g. font, overlay).
21:04:36: Error: ScriptCompiler - unexpected token in DualQuaternionSkinning_Shadow.material(64): 'rtshader_system'. If this is a legacy script you must prepend the type (e.g. font, overlay).
21:04:36: Error: ScriptCompiler - unexpected token in DualQuaternionSkinning_Shadow.material(80): 'rtshader_system'. If this is a legacy script you must prepend the type (e.g. font, overlay).
21:04:36: Error: ScriptCompiler - unexpected token in DualQuaternionSkinning_Shadow.material(97): 'rtshader_system'. If this is a legacy script you must prepend the type (e.g. font, overlay).
21:04:36: Error: ScriptCompiler - unexpected token in DualQuaternionSkinning_Shadow.material(114): 'rtshader_system'. If this is a legacy script you must prepend the type (e.g. font, overlay).
21:04:36: Error: ScriptCompiler - unexpected token in DualQuaternionSkinning_Shadow.material(131): 'rtshader_system'. If this is a legacy script you must prepend the type (e.g. font, overlay).
21:04:36: Error: ScriptCompiler - unexpected token in DualQuaternionSkinning_Shadow.material(13): token "rtshader_system" is not recognized
21:04:36: Error: ScriptCompiler - unexpected token in DualQuaternionSkinning_Shadow.material(30): token "rtshader_system" is not recognized
21:04:36: Error: ScriptCompiler - unexpected token in DualQuaternionSkinning_Shadow.material(47): token "rtshader_system" is not recognized
21:04:36: Error: ScriptCompiler - unexpected token in DualQuaternionSkinning_Shadow.material(64): token "rtshader_system" is not recognized
21:04:36: Error: ScriptCompiler - unexpected token in DualQuaternionSkinning_Shadow.material(80): token "rtshader_system" is not recognized
21:04:36: Error: ScriptCompiler - unexpected token in DualQuaternionSkinning_Shadow.material(97): token "rtshader_system" is not recognized
21:04:36: Error: ScriptCompiler - unexpected token in DualQuaternionSkinning_Shadow.material(114): token "rtshader_system" is not recognized
21:04:36: Error: ScriptCompiler - unexpected token in DualQuaternionSkinning_Shadow.material(131): token "rtshader_system" is not recognized
21:04:36: Parsing script HardwareSkinningShadow.material
21:04:36: Error: ScriptCompiler - unexpected token in HardwareSkinningShadow.material(13): 'rtshader_system'. If this is a legacy script you must prepend the type (e.g. font, overlay).
21:04:36: Error: ScriptCompiler - unexpected token in HardwareSkinningShadow.material(30): 'rtshader_system'. If this is a legacy script you must prepend the type (e.g. font, overlay).
21:04:36: Error: ScriptCompiler - unexpected token in HardwareSkinningShadow.material(47): 'rtshader_system'. If this is a legacy script you must prepend the type (e.g. font, overlay).
21:04:36: Error: ScriptCompiler - unexpected token in HardwareSkinningShadow.material(64): 'rtshader_system'. If this is a legacy script you must prepend the type (e.g. font, overlay).
21:04:36: Error: ScriptCompiler - unexpected token in HardwareSkinningShadow.material(13): token "rtshader_system" is not recognized
21:04:36: Error: ScriptCompiler - unexpected token in HardwareSkinningShadow.material(30): token "rtshader_system" is not recognized
21:04:36: Error: ScriptCompiler - unexpected token in HardwareSkinningShadow.material(47): token "rtshader_system" is not recognized
21:04:36: Error: ScriptCompiler - unexpected token in HardwareSkinningShadow.material(64): token "rtshader_system" is not recognized
21:04:36: Parsing script RTShaderSystem.material
21:04:36: Error: ScriptCompiler - unexpected token in RTShaderSystem.material(24): 'rtshader_system'. If this is a legacy script you must prepend the type (e.g. font, overlay).
21:04:36: Error: ScriptCompiler - unexpected token in RTShaderSystem.material(61): 'rtshader_system'. If this is a legacy script you must prepend the type (e.g. font, overlay).
21:04:36: Error: ScriptCompiler - unexpected token in RTShaderSystem.material(88): 'rtshader_system'. If this is a legacy script you must prepend the type (e.g. font, overlay).
21:04:36: Error: ScriptCompiler - unexpected token in RTShaderSystem.material(117): 'rtshader_system'. If this is a legacy script you must prepend the type (e.g. font, overlay).
21:04:36: Error: ScriptCompiler - unexpected token in RTShaderSystem.material(153): 'rtshader_system'. If this is a legacy script you must prepend the type (e.g. font, overlay).
21:04:36: Error: ScriptCompiler - unexpected token in RTShaderSystem.material(169): 'rtshader_system'. If this is a legacy script you must prepend the type (e.g. font, overlay).
21:04:36: Error: ScriptCompiler - unexpected token in RTShaderSystem.material(218): 'rtshader_system'. If this is a legacy script you must prepend the type (e.g. font, overlay).
21:04:36: Error: ScriptCompiler - unexpected token in RTShaderSystem.material(24): token "rtshader_system" is not recognized
21:04:36: Error: ScriptCompiler - unexpected token in RTShaderSystem.material(61): token "rtshader_system" is not recognized
21:04:36: Error: ScriptCompiler - unexpected token in RTShaderSystem.material(88): token "rtshader_system" is not recognized
21:04:36: Error: ScriptCompiler - unexpected token in RTShaderSystem.material(117): token "rtshader_system" is not recognized
21:04:36: Error: ScriptCompiler - unexpected token in RTShaderSystem.material(153): token "rtshader_system" is not recognized
21:04:36: Error: ScriptCompiler - unexpected token in RTShaderSystem.material(88): token "rtshader_system" is not recognized
21:04:36: Error: ScriptCompiler - unexpected token in RTShaderSystem.material(169): token "rtshader_system" is not recognized
21:04:36: Error: ScriptCompiler - unexpected token in RTShaderSystem.material(88): token "rtshader_system" is not recognized
21:04:36: Error: ScriptCompiler - unexpected token in RTShaderSystem.material(117): token "rtshader_system" is not recognized
21:04:36: Error: ScriptCompiler - unexpected token in RTShaderSystem.material(218): token "rtshader_system" is not recognized
21:04:36: Parsing script TriplanarTexturing.material
21:04:36: Error: ScriptCompiler - unexpected token in TriplanarTexturing.material(9): 'rtshader_system'. If this is a legacy script you must prepend the type (e.g. font, overlay).
21:04:36: Error: ScriptCompiler - unexpected token in TriplanarTexturing.material(9): token "rtshader_system" is not recognized
21:04:36: Finished parsing scripts for resource group OgreInternal
21:04:36: Creating resources for group OgreInternal
21:04:36: All done
21:04:36: Parsing scripts for resource group Tests
21:04:36: Finished parsing scripts for resource group Tests
21:04:36: Creating resources for group Tests
21:04:36: All done
21:04:36: Texture 'grass_1024.jpg': Loading 1 faces(PF_B8G8R8,1024x1024x1) with 5 hardware generated mipmaps from Image. Internal format is PF_B8G8R8,1024x1024x1.
21:04:36: Mesh: Loading ogrehead.mesh.
21:04:36: Texture 'GreenSkin.jpg': Loading 1 faces(PF_B8G8R8,256x256x1) with 5 hardware generated mipmaps from Image. Internal format is PF_B8G8R8,256x256x1.
21:04:36: Texture 'spheremap.png': Loading 1 faces(PF_B8G8R8,256x256x1) with 5 hardware generated mipmaps from Image. Internal format is PF_B8G8R8,256x256x1.
21:04:36: Texture 'tusk.jpg': Loading 1 faces(PF_B8G8R8,128x128x1) with 5 hardware generated mipmaps from Image. Internal format is PF_B8G8R8,128x128x1.
21:04:42: DefaultWorkQueue('Root') shutting down on thread 139755283464576.
21:04:42: DefaultWorkQueue('Root')::WorkerFunc - thread 139755106154240 stopped.
21:04:42: DefaultWorkQueue('Root')::WorkerFunc - thread 139755106154240 stopped.
21:04:42: DefaultWorkQueue('Root')::WorkerFunc - thread 139755097761536 stopped.
21:04:42: *-*-* OGRE Shutdown
21:04:42: Unregistering ResourceManager for type Compositor
21:04:42: Unregistering ResourceManager for type GpuProgram
21:04:42: ******************************
*** Stopping GLX Subsystem ***
******************************
21:04:42: Unregistering ResourceManager for type Texture
21:04:42: Unregistering ResourceManager for type Skeleton
21:04:42: Unregistering ResourceManager for type Mesh
21:04:42: Unregistering ResourceManager for type HighLevelGpuProgram
21:04:42: Unregistering ResourceManager for type Material
